1630002433648	geckodriver	INFO	Listening on 127.0.0.1:64611
1630002436715	mozrunner::runner	INFO	Running command: "C:\\Program Files\\Mozilla Firefox\\firefox.exe" "--marionette" "-foreground" "-no-remote" "-profile" "C:\\Users\\Myrani\\AppData\\Local\\Temp\\rust_mozprofileen3ASo"
1630002437318	Marionette	INFO	Marionette enabled
console.warn: SearchSettings: "get: No settings file exists, new profile?" (new NotFoundError("Could not open the file at C:\\Users\\Myrani\\AppData\\Local\\Temp\\rust_mozprofileen3ASo\\search.json.mozlz4", (void 0)))
1630002440279	Marionette	INFO	Listening on port 64619
1630002440486	RemoteAgent	WARN	TLS certificate errors will be ignored for this session
1630002457441	Marionette	INFO	Stopped listening on port 64619
JavaScript error: resource:///modules/Interactions.jsm, line 209: NS_ERROR_FAILURE: Component returned failure code: 0x80004005 (NS_ERROR_FAILURE) [nsIUserIdleService.removeIdleObserver]
1630002714770	geckodriver	INFO	Listening on 127.0.0.1:64700
1630002717839	mozrunner::runner	INFO	Running command: "C:\\Program Files\\Mozilla Firefox\\firefox.exe" "--marionette" "--headless" "-foreground" "-no-remote" "-profile" "C:\\Users\\Myrani\\AppData\\Local\\Temp\\rust_mozprofilecCxygg"
*** You are running in headless mode.
1630002718246	Marionette	INFO	Marionette enabled
[GFX1-]: RenderCompositorSWGL failed mapping default framebuffer, no dt
console.warn: SearchSettings: "get: No settings file exists, new profile?" (new NotFoundError("Could not open the file at C:\\Users\\Myrani\\AppData\\Local\\Temp\\rust_mozprofilecCxygg\\search.json.mozlz4", (void 0)))
1630002719510	Marionette	INFO	Listening on port 64710
1630002719934	RemoteAgent	WARN	TLS certificate errors will be ignored for this session
JavaScript warning: https://inscription.genybet.fr/_next/static/chunks/main-24424d2713826627d477.js, line 1: unreachable code after return statement
console.error: services.settings: 
  main/doh-providers Signature failed  InvalidSignatureError: Invalid content signature (main/doh-providers)
console.error: services.settings: 
  main/doh-providers local data was corrupted
console.warn: services.settings: main/doh-providers Signature verified failed. Retry from scratch
console.error: services.settings: 
  main/doh-config Signature failed  InvalidSignatureError: Invalid content signature (main/doh-config)
console.error: services.settings: 
  main/doh-config local data was corrupted
console.warn: services.settings: main/doh-config Signature verified failed. Retry from scratch
console.log: WebExtensions: reset-default-search: starting.
console.log: WebExtensions: reset-default-search: No addons in our list are installed.
JavaScript error: , line 0: uncaught exception: null
ings: 
  main/partitioning-exempt-urls Signature failed  TypeError: NetworkError when attempting to fetch resource.
console.error: services.settings: 
  main/cfr Signature failed  TypeError: NetworkError when attempting to fetch resource.
JavaScript warning: https://inscription.genybet.fr/_next/static/chunks/main-24424d2713826627d477.js, line 1: unreachable code after return statement
console.error: services.settings: 
  main/doh-providers Signature failed  InvalidSignatureError: Invalid content signature (main/doh-providers)
console.error: services.settings: 
  main/doh-providers local data was corrupted
console.warn: services.settings: main/doh-providers Signature verified failed. Retry from scratch
console.error: services.settings: 
  main/doh-config Signature failed  InvalidSignatureError: Invalid content signature (main/doh-config)
console.error: services.settings: 
  main/doh-config local data was corrupted
console.warn: services.settings: main/doh-config Signature verified failed. Retry from scratch
console.log: WebExtensions: reset-default-search: starting.
console.log: WebExtensions: reset-default-search: No addons in our list are installed.
JavaScript error: , line 0: uncaught exception: null
inscription.genybet.fr/_next/static/chunks/main-24424d2713826627d477.js, line 1: unreachable code after return statement
console.error: services.settings: 
  main/doh-providers Signature failed  InvalidSignatureError: Invalid content signature (main/doh-providers)
console.error: services.settings: 
  main/doh-providers local data was corrupted
console.warn: services.settings: main/doh-providers Signature verified failed. Retry from scratch
console.error: services.settings: 
  main/doh-config Signature failed  InvalidSignatureError: Invalid content signature (main/doh-config)
console.error: services.settings: 
  main/doh-config local data was corrupted
console.warn: services.settings: main/doh-config Signature verified failed. Retry from scratch
console.log: WebExtensions: reset-default-search: starting.
console.log: WebExtensions: reset-default-search: No addons in our list are installed.
JavaScript error: , line 0: uncaught exception: null
inscription.genybet.fr/_next/static/chunks/main-24424d2713826627d477.js, line 1: unreachable code after return statement
console.error: services.settings: 
  main/doh-providers Signature failed  InvalidSignatureError: Invalid content signature (main/doh-providers)
console.error: services.settings: 
  main/doh-providers local data was corrupted
console.warn: services.settings: main/doh-providers Signature verified failed. Retry from scratch
console.error: services.settings: 
  main/doh-config Signature failed  InvalidSignatureError: Invalid content signature (main/doh-config)
console.error: services.settings: 
  main/doh-config local data was corrupted
console.warn: services.settings: main/doh-config Signature verified failed. Retry from scratch
console.log: WebExtensions: reset-default-search: starting.
console.log: WebExtensions: reset-default-search: No addons in our list are installed.
JavaScript error: , line 0: uncaught exception: null
inscription.genybet.fr/_next/static/chunks/main-24424d2713826627d477.js, line 1: unreachable code after return statement
console.error: services.settings: 
  main/doh-providers Signature failed  InvalidSignatureError: Invalid content signature (main/doh-providers)
console.error: services.settings: 
  main/doh-providers local data was corrupted
console.warn: services.settings: main/doh-providers Signature verified failed. Retry from scratch
console.error: services.settings: 
  main/doh-config Signature failed  InvalidSignatureError: Invalid content signature (main/doh-config)
console.error: services.settings: 
  main/doh-config local data was corrupted
console.warn: services.settings: main/doh-config Signature verified failed. Retry from scratch
console.log: WebExtensions: reset-default-search: starting.
console.log: WebExtensions: reset-default-search: No addons in our list are installed.
JavaScript error: , line 0: uncaught exception: null
1630023484557	geckodriver	INFO	Listening on 127.0.0.1:61468
1630023487726	mozrunner::runner	INFO	Running command: "C:\\Program Files\\Mozilla Firefox\\firefox.exe" "--marionette" "--headless" "-foreground" "-no-remote" "-profile" "C:\\Users\\Myrani\\AppData\\Local\\Temp\\rust_mozprofilelgJ9cg"
*** You are running in headless mode.
1630023488482	Marionette	INFO	Marionette enabled
[GFX1-]: RenderCompositorSWGL failed mapping default framebuffer, no dt
console.warn: SearchSettings: "get: No settings file exists, new profile?" (new NotFoundError("Could not open the file at C:\\Users\\Myrani\\AppData\\Local\\Temp\\rust_mozprofilelgJ9cg\\search.json.mozlz4", (void 0)))
1630023494136	Marionette	INFO	Listening on port 61477
1630023494295	RemoteAgent	WARN	TLS certificate errors will be ignored for this session
JavaScript warning: https://inscription.genybet.fr/_next/static/chunks/main-24424d2713826627d477.js, line 1: unreachable code after return statement
console.error: services.settings: 
  main/doh-providers Signature failed  InvalidSignatureError: Invalid content signature (main/doh-providers)
console.error: services.settings: 
  main/doh-providers local data was corrupted
console.warn: services.settings: main/doh-providers Signature verified failed. Retry from scratch
console.error: services.settings: 
  main/doh-config Signature failed  InvalidSignatureError: Invalid content signature (main/doh-config)
console.error: services.settings: 
  main/doh-config local data was corrupted
console.warn: services.settings: main/doh-config Signature verified failed. Retry from scratch
console.log: WebExtensions: reset-default-search: starting.
console.log: WebExtensions: reset-default-search: No addons in our list are installed.
JavaScript error: , line 0: uncaught exception: null
Exiting due to channel error.
atic/chunks/main-24424d2713826627d477.js, line 1: unreachable code after return statement
console.error: services.settings: 
  main/doh-providers Signature failed  InvalidSignatureError: Invalid content signature (main/doh-providers)
console.error: services.settings: 
  main/doh-providers local data was corrupted
console.warn: services.settings: main/doh-providers Signature verified failed. Retry from scratch
console.error: services.settings: 
  main/doh-config Signature failed  InvalidSignatureError: Invalid content signature (main/doh-config)
console.error: services.settings: 
  main/doh-config local data was corrupted
console.warn: services.settings: main/doh-config Signature verified failed. Retry from scratch
console.log: WebExtensions: reset-default-search: starting.
console.log: WebExtensions: reset-default-search: No addons in our list are installed.
Exiting due to channel error.
cript warning: https://inscription.genybet.fr/_next/static/chunks/main-24424d2713826627d477.js, line 1: unreachable code after return statement
console.error: services.settings: 
  main/doh-providers Signature failed  InvalidSignatureError: Invalid content signature (main/doh-providers)
console.error: services.settings: 
  main/doh-providers local data was corrupted
console.warn: services.settings: main/doh-providers Signature verified failed. Retry from scratch
console.error: services.settings: 
  main/doh-config Signature failed  InvalidSignatureError: Invalid content signature (main/doh-config)
console.error: services.settings: 
  main/doh-config local data was corrupted
console.warn: services.settings: main/doh-config Signature verified failed. Retry from scratch
console.log: WebExtensions: reset-default-search: starting.
console.log: WebExtensions: reset-default-search: No addons in our list are installed.
JavaScript error: , line 0: uncaught exception: null
Exiting due to channel error.
atic/chunks/main-24424d2713826627d477.js, line 1: unreachable code after return statement
console.error: services.settings: 
  main/doh-providers Signature failed  InvalidSignatureError: Invalid content signature (main/doh-providers)
console.error: services.settings: 
  main/doh-providers local data was corrupted
console.warn: services.settings: main/doh-providers Signature verified failed. Retry from scratch
console.error: services.settings: 
  main/doh-config Signature failed  InvalidSignatureError: Invalid content signature (main/doh-config)
console.error: services.settings: 
  main/doh-config local data was corrupted
console.warn: services.settings: main/doh-config Signature verified failed. Retry from scratch
console.log: WebExtensions: reset-default-search: starting.
console.log: WebExtensions: reset-default-search: No addons in our list are installed.
JavaScript error: , line 0: uncaught exception: null
Exiting due to channel error.
Exiting due to channel error.
Exiting due to channel error.
code after return statement
console.error: services.settings: 
  main/doh-providers Signature failed  InvalidSignatureError: Invalid content signature (main/doh-providers)
console.error: services.settings: 
  main/doh-providers local data was corrupted
console.warn: services.settings: main/doh-providers Signature verified failed. Retry from scratch
console.error: services.settings: 
  main/doh-config Signature failed  InvalidSignatureError: Invalid content signature (main/doh-config)
console.error: services.settings: 
  main/doh-config local data was corrupted
console.warn: services.settings: main/doh-config Signature verified failed. Retry from scratch
console.log: WebExtensions: reset-default-search: starting.
console.log: WebExtensions: reset-default-search: No addons in our list are installed.
JavaScript error: , line 0: uncaught exception: null
Exiting due to channel error.
Exiting due to channel error.
27d477.js, line 1: unreachable code after return statement
console.error: services.settings: 
  main/doh-providers Signature failed  InvalidSignatureError: Invalid content signature (main/doh-providers)
console.error: services.settings: 
  main/doh-providers local data was corrupted
console.warn: services.settings: main/doh-providers Signature verified failed. Retry from scratch
console.error: services.settings: 
  main/doh-config Signature failed  InvalidSignatureError: Invalid content signature (main/doh-config)
console.error: services.settings: 
  main/doh-config local data was corrupted
console.warn: services.settings: main/doh-config Signature verified failed. Retry from scratch
console.log: WebExtensions: reset-default-search: starting.
console.log: WebExtensions: reset-default-search: No addons in our list are installed.
JavaScript error: , line 0: uncaught exception: null
inscription.genybet.fr/_next/static/chunks/main-24424d2713826627d477.js, line 1: unreachable code after return statement
console.error: services.settings: 
  main/doh-providers Signature failed  InvalidSignatureError: Invalid content signature (main/doh-providers)
console.error: services.settings: 
  main/doh-providers local data was corrupted
console.warn: services.settings: main/doh-providers Signature verified failed. Retry from scratch
console.error: services.settings: 
  main/doh-config Signature failed  InvalidSignatureError: Invalid content signature (main/doh-config)
console.error: services.settings: 
  main/doh-config local data was corrupted
console.warn: services.settings: main/doh-config Signature verified failed. Retry from scratch
console.log: WebExtensions: reset-default-search: starting.
console.log: WebExtensions: reset-default-search: No addons in our list are installed.
JavaScript error: , line 0: uncaught exception: null
Exiting due to channel error.
atic/chunks/main-24424d2713826627d477.js, line 1: unreachable code after return statement
console.error: services.settings: 
  main/doh-providers Signature failed  InvalidSignatureError: Invalid content signature (main/doh-providers)
console.error: services.settings: 
  main/doh-providers local data was corrupted
console.warn: services.settings: main/doh-providers Signature verified failed. Retry from scratch
console.error: services.settings: 
  main/doh-config Signature failed  InvalidSignatureError: Invalid content signature (main/doh-config)
console.error: services.settings: 
  main/doh-config local data was corrupted
console.warn: services.settings: main/doh-config Signature verified failed. Retry from scratch
console.log: WebExtensions: reset-default-search: starting.
console.log: WebExtensions: reset-default-search: No addons in our list are installed.
JavaScript error: , line 0: uncaught exception: null
Exiting due to channel error.
/gre/modules/Region.jsm", 419))
1630024417950	Marionette	INFO	Listening on port 53300
1630024419019	RemoteAgent	WARN	TLS certificate errors will be ignored for this session
JavaScript warning: https://inscription.genybet.fr/_next/static/chunks/main-24424d2713826627d477.js, line 1: unreachable code after return statement
console.error: services.settings: 
  main/doh-providers Signature failed  InvalidSignatureError: Invalid content signature (main/doh-providers)
console.error: services.settings: 
  main/doh-providers local data was corrupted
console.warn: services.settings: main/doh-providers Signature verified failed. Retry from scratch
console.error: services.settings: 
  main/doh-config Signature failed  InvalidSignatureError: Invalid content signature (main/doh-config)
console.error: services.settings: 
  main/doh-config local data was corrupted
console.warn: services.settings: main/doh-config Signature verified failed. Retry from scratch
console.log: WebExtensions: reset-default-search: starting.
console.log: WebExtensions: reset-default-search: No addons in our list are installed.
JavaScript error: , line 0: uncaught exception: null
Exiting due to channel error.
Exiting due to channel error.
27d477.js, line 1: unreachable code after return statement
console.error: services.settings: 
  main/doh-providers Signature failed  InvalidSignatureError: Invalid content signature (main/doh-providers)
console.error: services.settings: 
  main/doh-providers local data was corrupted
console.warn: services.settings: main/doh-providers Signature verified failed. Retry from scratch
console.error: services.settings: 
  main/doh-config Signature failed  InvalidSignatureError: Invalid content signature (main/doh-config)
console.error: services.settings: 
  main/doh-config local data was corrupted
console.warn: services.settings: main/doh-config Signature verified failed. Retry from scratch
console.log: WebExtensions: reset-default-search: starting.
console.log: WebExtensions: reset-default-search: No addons in our list are installed.
JavaScript error: , line 0: uncaught exception: null
Exiting due to channel error.
Exiting due to channel error.
Exiting due to channel error.
code after return statement
console.error: services.settings: 
  main/doh-providers Signature failed  InvalidSignatureError: Invalid content signature (main/doh-providers)
console.error: services.settings: 
  main/doh-providers local data was corrupted
console.warn: services.settings: main/doh-providers Signature verified failed. Retry from scratch
console.error: services.settings: 
  main/doh-config Signature failed  InvalidSignatureError: Invalid content signature (main/doh-config)
console.error: services.settings: 
  main/doh-config local data was corrupted
console.warn: services.settings: main/doh-config Signature verified failed. Retry from scratch
console.log: WebExtensions: reset-default-search: starting.
console.log: WebExtensions: reset-default-search: No addons in our list are installed.
Exiting due to channel error.
Exiting due to channel error.
  main/doh-providers Signature failed  InvalidSignatureError: Invalid content signature (main/doh-providers)
console.error: services.settings: 
  main/doh-providers local data was corrupted
console.warn: services.settings: main/doh-providers Signature verified failed. Retry from scratch
console.error: services.settings: 
  main/doh-config Signature failed  InvalidSignatureError: Invalid content signature (main/doh-config)
console.error: services.settings: 
  main/doh-config local data was corrupted
console.warn: services.settings: main/doh-config Signature verified failed. Retry from scratch
console.log: WebExtensions: reset-default-search: starting.
console.log: WebExtensions: reset-default-search: No addons in our list are installed.
JavaScript error: , line 0: uncaught exception: null
inscription.genybet.fr/_next/static/chunks/main-24424d2713826627d477.js, line 1: unreachable code after return statement
console.error: services.settings: 
  main/doh-providers Signature failed  InvalidSignatureError: Invalid content signature (main/doh-providers)
console.error: services.settings: 
  main/doh-providers local data was corrupted
console.warn: services.settings: main/doh-providers Signature verified failed. Retry from scratch
console.error: services.settings: 
  main/doh-config Signature failed  InvalidSignatureError: Invalid content signature (main/doh-config)
console.error: services.settings: 
  main/doh-config local data was corrupted
console.warn: services.settings: main/doh-config Signature verified failed. Retry from scratch
console.log: WebExtensions: reset-default-search: starting.
console.log: WebExtensions: reset-default-search: No addons in our list are installed.
JavaScript error: , line 0: uncaught exception: null
Exiting due to channel error.
Exiting due to channel error.
Exiting due to channel error.
code after return statement
console.error: services.settings: 
  main/doh-providers Signature failed  InvalidSignatureError: Invalid content signature (main/doh-providers)
console.error: services.settings: 
  main/doh-providers local data was corrupted
console.warn: services.settings: main/doh-providers Signature verified failed. Retry from scratch
console.error: services.settings: 
  main/doh-config Signature failed  InvalidSignatureError: Invalid content signature (main/doh-config)
console.error: services.settings: 
  main/doh-config local data was corrupted
console.warn: services.settings: main/doh-config Signature verified failed. Retry from scratch
console.log: WebExtensions: reset-default-search: starting.
console.log: WebExtensions: reset-default-search: No addons in our list are installed.
JavaScript error: , line 0: uncaught exception: null
inscription.genybet.fr/_next/static/chunks/main-24424d2713826627d477.js, line 1: unreachable code after return statement
console.error: services.settings: 
  main/doh-providers Signature failed  InvalidSignatureError: Invalid content signature (main/doh-providers)
console.error: services.settings: 
  main/doh-providers local data was corrupted
console.warn: services.settings: main/doh-providers Signature verified failed. Retry from scratch
console.error: services.settings: 
  main/doh-config Signature failed  InvalidSignatureError: Invalid content signature (main/doh-config)
console.error: services.settings: 
  main/doh-config local data was corrupted
console.warn: services.settings: main/doh-config Signature verified failed. Retry from scratch
console.log: WebExtensions: reset-default-search: starting.
console.log: WebExtensions: reset-default-search: No addons in our list are installed.
Exiting due to channel error.
cript warning: https://inscription.genybet.fr/_next/static/chunks/main-24424d2713826627d477.js, line 1: unreachable code after return statement
console.error: services.settings: 
  main/doh-providers Signature failed  InvalidSignatureError: Invalid content signature (main/doh-providers)
console.error: services.settings: 
  main/doh-providers local data was corrupted
console.warn: services.settings: main/doh-providers Signature verified failed. Retry from scratch
console.error: services.settings: 
  main/doh-config Signature failed  InvalidSignatureError: Invalid content signature (main/doh-config)
console.error: services.settings: 
  main/doh-config local data was corrupted
console.warn: services.settings: main/doh-config Signature verified failed. Retry from scratch
console.log: WebExtensions: reset-default-search: starting.
console.log: WebExtensions: reset-default-search: No addons in our list are installed.
Exiting due to channel error.
Exiting due to channel error.
Exiting due to channel error.
nks/main-24424d2713826627d477.js, line 1: unreachable code after return statement
console.error: services.settings: 
  main/doh-providers Signature failed  InvalidSignatureError: Invalid content signature (main/doh-providers)
console.error: services.settings: 
  main/doh-providers local data was corrupted
console.warn: services.settings: main/doh-providers Signature verified failed. Retry from scratch
console.error: services.settings: 
  main/doh-config Signature failed  InvalidSignatureError: Invalid content signature (main/doh-config)
console.error: services.settings: 
  main/doh-config local data was corrupted
console.warn: services.settings: main/doh-config Signature verified failed. Retry from scratch
console.log: WebExtensions: reset-default-search: starting.
console.log: WebExtensions: reset-default-search: No addons in our list are installed.
JavaScript error: , line 0: uncaught exception: null
Exiting due to channel error.
atic/chunks/main-24424d2713826627d477.js, line 1: unreachable code after return statement
console.error: services.settings: 
  main/doh-providers Signature failed  InvalidSignatureError: Invalid content signature (main/doh-providers)
console.error: services.settings: 
  main/doh-providers local data was corrupted
console.warn: services.settings: main/doh-providers Signature verified failed. Retry from scratch
console.error: services.settings: 
  main/doh-config Signature failed  InvalidSignatureError: Invalid content signature (main/doh-config)
console.error: services.settings: 
  main/doh-config local data was corrupted
console.warn: services.settings: main/doh-config Signature verified failed. Retry from scratch
console.log: WebExtensions: reset-default-search: starting.
console.log: WebExtensions: reset-default-search: No addons in our list are installed.
JavaScript error: , line 0: uncaught exception: null
Exiting due to channel error.
atic/chunks/main-24424d2713826627d477.js, line 1: unreachable code after return statement
console.error: services.settings: 
  main/doh-providers Signature failed  InvalidSignatureError: Invalid content signature (main/doh-providers)
console.error: services.settings: 
  main/doh-providers local data was corrupted
console.warn: services.settings: main/doh-providers Signature verified failed. Retry from scratch
console.error: services.settings: 
  main/doh-config Signature failed  InvalidSignatureError: Invalid content signature (main/doh-config)
console.error: services.settings: 
  main/doh-config local data was corrupted
console.warn: services.settings: main/doh-config Signature verified failed. Retry from scratch
console.log: WebExtensions: reset-default-search: starting.
console.log: WebExtensions: reset-default-search: No addons in our list are installed.
JavaScript error: , line 0: uncaught exception: null
inscription.genybet.fr/_next/static/chunks/main-24424d2713826627d477.js, line 1: unreachable code after return statement
console.error: services.settings: 
  main/doh-providers Signature failed  InvalidSignatureError: Invalid content signature (main/doh-providers)
console.error: services.settings: 
  main/doh-providers local data was corrupted
console.warn: services.settings: main/doh-providers Signature verified failed. Retry from scratch
console.error: services.settings: 
  main/doh-config Signature failed  InvalidSignatureError: Invalid content signature (main/doh-config)
console.error: services.settings: 
  main/doh-config local data was corrupted
console.warn: services.settings: main/doh-config Signature verified failed. Retry from scratch
1630025831899	addons.xpi	ERROR	Failed to download system add-on addons-search-detection@mozilla.com: {"operation":"write","path":"C:\\Users\\Myrani\\AppData\\Local\\Temp\\tmpaddon-6a646d","winLastError":112}
1630025831981	addons.xpi	ERROR	Failed to download system add-on reset-search-defaults@mozilla.com: {"operation":"wriconsole.error: services.settings: 
  Message: AbortError: IndexedDB: blocklists/addons-bloJavaScript error: , line 0: uncaught exception: null
Exiting due to channel error.
Exiting due to channel error.
n.abort.
console.error: services.settings: 
  Message: AbortError: IndexedDB: blocklists/gfx getLastModified() IndexedDB:  execute() A request was aborted, for example through a call to IDBTransaction.abort.
console.error: services.settings: 
  Message: AbortError: IndexedDB: main/normandy-recipes-capabilities getLastModified() IndexedDB:  execute() A request was aborted, for example through a call to IDBTransaction.abort.
console.error: services.settings: 
  Message: AbortError: IndexedDB: main/search-config getLastModified() IndexedDB:  execute() A request was aborted, for example through a call to IDBTransaction.abort.
1630025992565	addons.xpi	ERROR	Failed to download system add-on addons-search-detection@mozilla.com: {"operation":"write","path":"C:\\Users\\Myrani\\AppData\\Local\\Temp\\tmpaddonconsole.error: services.settings: 
  Message: AbortError: IndexedDB: blocklists/addons-bloomfilters getLastModified() IndexedDB:  execute() A request was aborted, for example through a call to IDBTransaction.abort.
console.error: serviJavaScript error: , line 0: uncaught exception: null
Exiting due to channel error.
dexedDB:  execute() A request was aborted, for example through a call to IDBTransaction.abort.
console.error: services.settings: 
  Message: AbortError: IndexedDB: main/normandy-recipes-capabilities getLastModified() IndexedDB:  execute() A request was aborted, for example through a call to IDBTransaction.abort.
console.error: services.settings: 
  Message: AbortError: IndexedDB: main/search-config getLastModified() IndexedDB:  execute() A request was aborted, for example through a call to IDBTransaction.abort.
ignored for this session
JavaScript warning: https://inscription.genybet.fr/_next/static/chunks/main-24424d2713826627d477.js, line 1: unreachable code after return statement
console.error: "Could not write session state file " (new Error("", "(unknown module)")) ""
console.error: "Could not write session state file " (new Error("", "(unknown module)")) ""
JavaScript error: , line 0: uncaught exception: Object
console.error: "Could not write session state file " (new Error("", "(unknown module)")) ""
JavaScript error: , line 0: uncaught exception: null
55097
1630026054467	mozrunner::runner	INFO	Running command: "C:\\Program Files\\Mozilla Firefox\\firefox.exe" "--marionette" "--headless" "-foreground" "-no-remote" "-profile" "C:\\Users\\Myrani\\AppData\\Local\\Temp\\rust_mozprofileAie23H"
*** You are running in headless mode.
1630026054888	Marionette	INFO	Marionette enabled
JavaScript error: , line 0: QuotaExceededError: The current transaction exceeded its quota limitations.
[GFX1-]: RenderCompositorSWGL failed mapping default framebuffer, no dt
console.warn: SearchSettings: "get: No settings file exists, new profile?" (new NotFoundError("Could not open the file at C:\\Users\\Myrani\\AppData\\Local\\Temp\\rust_mozprofileAie23H\\search.json.mozlz4", (void 0)))
JavaScript error: , line 0: QuotaExceededError: The current transaction exceeded its quota limitations.
console.error: (new Error("Error(s) encountered during statement execution: unable to open database file", "resource://gre/modules/Sqlite.jsm", 893))
JavaScript error: resource://gre/modules/Sqlite.jsm, line 893: Error: Error(s) encountered during statement execution: unable to open database file
JavaScript error: resource://gre/modules/Sqlite.jsm, line 893: Error: Error(s) encountered during statement execution: unable to open database file
JavaScript error: , line 0: NotReadableError: Could not open the file at C:\Users\Myrani\AppData\Local\Temp\rust_mozprofileAie23H\sessionCheckpoints.json.tmp for writing
JavaScript error: resource://gre/modules/PromiseWorker.jsm, line 106: Error: Could not create directory at C:\Users\Myrani\AppData\Local\Temp\rust_mozprofileAie23H\thumbnails
JavaScript error: resource://gre/modules/PlacesUtils.jsm, line 1954: NS_ERROR_UNEXPECTED: Component returned failure code: 0x8000ffff (NS_ERROR_UNEXPECTED) [nsINavBookmarksService.tagsFolder]
console.error: PushService: 
  stateChangeProcessEnqueue: Error transitioning state
  QuotaExceededError
[2021-08-27T01:00:56Z ERROR glean] Failed to initialize Glean: An I/O error occurred: Espace insuffisant sur le disque. (os error 112)
JavaScript error: , line 0: QuotaExceededError: The current transaction exceeded its quota limitations.
1630026056136	Marionette	INFO	Listening on port 55105
JavaScript error: resource://gre/modules/PlacesUtils.jsm, line 1954: NS_ERROR_UNEXPECTED: Component returned failure code: 0x8000ffff (NS_ERROR_UNEXPECTED) [nsINavBookmarksService.tagsFolder]
console.error: SearchSettings: "_write: Could not write to settings file:" (new NotReadableError("Could not open the file at C:\\Users\\Myrani\\AppData\\Local\\Temp\\rust_mozprofileAie23H\\search.json.mozlz4 for writing", (void 0)))
console.warn: SearchSettings: "get: No settings file exists, new profile?" (new NotFoundError("Could not open the file at C:\\Users\\Myrani\\AppData\\Local\\Temp\\rust_mozprofileAie23H\\search.json.mozlz4", (void 0)))
JavaScript error: resource://gre/modules/PlacesUtils.jsm, line 1954: NS_ERROR_UNEXPECTED: Component returned failure code: 0x8000ffff (NS_ERROR_UNEXPECTED) [nsINavBookmarksService.tagsFolder]
JavaScript error: resource://gre/modules/PlacesUtils.jsm, line 1954: NS_ERROR_UNEXPECTED: Component returned failure code: 0x8000ffff (NS_ERROR_UNEXPECTED) [nsINavBookmarksService.tagsFolder]
JavaScript error: resource://gre/modules/PlacesUtils.jsm, line 1954: NS_ERROR_UNEXPECTED: Component returned failure code: 0x8000ffff (NS_ERROR_UNEXPECTED) [nsINavBookmarksService.tagsFolder]
JavaScript error: resource://gre/modules/PlacesUtils.jsm, line 1954: NS_ERROR_UNEXPECTED: Component returned failure code: 0x8000ffff (NS_ERROR_UNEXPECTED) [nsINavBookmarksService.tagsFolder]
JavaScript error: resource://gre/modules/PlacesUtils.jsm, line 1954: NS_ERROR_UNEXPECTED: Component returned failure code: 0x8000ffff (NS_ERROR_UNEXPECTED) [nsINavBookmarksService.tagsFolder]
JavaScript error: resource://gre/modules/PlacesUtils.jsm, line 1954: NS_ERROR_UNEXPECTED: Component returned failure code: 0x8000ffff (NS_ERROR_UNEXPECTED) [nsINavBookmarksService.tagsFolder]
JavaScript error: resource://gre/modules/PlacesUtils.jsm, line 1954: NS_ERROR_UNEXPECTED: Component returned failure code: 0x8000ffff (NS_ERROR_UNEXPECTED) [nsINavBookmarksService.tagsFolder]
JavaScript error: resource://gre/modules/PlacesUtils.jsm, line 1954: NS_ERROR_UNEXPECTED: Component returned failure code: 0x8000ffff (NS_ERROR_UNEXPECTED) [nsINavBookmarksService.tagsFolder]
JavaScript error: resource://gre/modules/PlacesUtils.jsm, line 1954: NS_ERROR_UNEXPECTED: Component returned failure code: 0x8000ffff (NS_ERROR_UNEXPECTED) [nsINavBookmarksService.tagsFolder]
1630026056556	RemoteAgent	WARN	TLS certificate errors will be ignored for this session
JavaScript error: resource://gre/modules/Sqlite.jsm, line 893: Error: Error(s) encountered during statement execution: unable to open database file
console.error: SearchSettings: "_write: Could not write to settings file:" (new NotReadableError("Could not open the file at C:\\Users\\Myrani\\AppData\\Local\\Temp\\rust_mozprofileAie23H\\search.json.mozlz4 for writing", (void 0)))
console.error: "Could not write session state file " (new Error("", "(unknown module)")) ""
JavaScript warning: https://inscription.genybet.fr/_next/static/chunks/main-24424d2713826627d477.js, line 1: unreachable code after return statement
JavaScript error: https://sdk.privacy-center.org/sdk.922907e84221b2b5095d611823fcd9a479b5b6e4.js, line 2: NS_ERROR_FILE_ACCESS_DENIED
JavaScript error: resource://gre/modules/Sqlite.jsm, line 1110: NS_ERROR_FILE_ACCESS_DENIED: Could not open connection to C:\Users\Myrani\AppData\Local\Temp\rust_mozprofileAie23H\protections.sqlite: 2152857621
JavaScript error: resource://gre/modules/NewTabUtils.jsm, line 1378: TypeError: conn is undefined
console.error: "Could not write session state file " (new Error("", "(unknown module)")) ""
JavaScript error: resource://gre/modules/PromiseWorker.jsm, line 106: Error: Could not get children of file(C:\Users\Myrani\AppData\Local\Temp\rust_mozprofileAie23H\thumbnails) because it does not exist
console.error: "Could not write session state file " (new Error("", "(unknown module)")) ""
Exiting due to channel error.
1630026279546	geckodriver	INFO	Listening on 127.0.0.1:65013
1630026282638	mozrunner::runner	INFO	Running command: "C:\\Program Files\\Mozilla Firefox\\firefox.exe" "--marionette" "--headless" "-foreground" "-no-remote" "-profile" "C:\\Users\\Myrani\\AppData\\Local\\Temp\\rust_mozprofileSaH7mA"
*** You are running in headless mode.
1630026284314	Marionette	INFO	Marionette enabled
[GFX1-]: RenderCompositorSWGL failed mapping default framebuffer, no dt
console.warn: SearchSettings: "get: No settings file exists, new profile?" (new NotFoundError("Could not open the file at C:\\Users\\Myrani\\AppData\\Local\\Temp\\rust_mozprofileSaH7mA\\search.json.mozlz4", (void 0)))
1630026286449	Marionette	INFO	Listening on port 65022
1630026286952	RemoteAgent	WARN	TLS certificate errors will be ignored for this session
JavaScript warning: https://inscription.genybet.fr/_next/static/chunks/main-24424d2713826627d477.js, line 1: unreachable code after return statement
console.error: services.settings: 
  main/doh-providers Signature failed  InvalidSignatureError: Invalid content signature (main/doh-providers)
console.error: services.settings: 
  main/doh-providers local data was corrupted
console.warn: services.settings: main/doh-providers Signature verified failed. Retry from scratch
console.error: services.settings: 
  main/doh-config Signature failed  InvalidSignatureError: Invalid content signature (main/doh-config)
console.error: services.settings: 
  main/doh-config local data was corrupted
console.warn: services.settings: main/doh-config Signature verified failed. Retry from scratch
console.log: WebExtensions: reset-default-search: starting.
console.log: WebExtensions: reset-default-search: No addons in our list are installed.
JavaScript error: , line 0: uncaught exception: null
Exiting due to channel error.
atic/chunks/main-24424d2713826627d477.js, line 1: unreachable code after return statement
console.error: services.settings: 
  main/doh-providers Signature failed  InvalidSignatureError: Invalid content signature (main/doh-providers)
console.error: services.settings: 
  main/doh-providers local data was corrupted
console.warn: services.settings: main/doh-providers Signature verified failed. Retry from scratch
console.error: services.settings: 
  main/doh-config Signature failed  InvalidSignatureError: Invalid content signature (main/doh-config)
console.error: services.settings: 
  main/doh-config local data was corrupted
console.warn: services.settings: main/doh-config Signature verified failed. Retry from scratch
console.log: WebExtensions: reset-default-search: starting.
console.log: WebExtensions: reset-default-search: No addons in our list are installed.
JavaScript error: , line 0: uncaught exception: null
Exiting due to channel error.
Exiting due to channel error.
27d477.js, line 1: unreachable code after return statement
console.error: services.settings: 
  main/doh-providers Signature failed  InvalidSignatureError: Invalid content signature (main/doh-providers)
console.error: services.settings: 
  main/doh-providers local data was corrupted
console.warn: services.settings: main/doh-providers Signature verified failed. Retry from scratch
console.error: services.settings: 
  main/doh-config Signature failed  InvalidSignatureError: Invalid content signature (main/doh-config)
console.error: services.settings: 
  main/doh-config local data was corrupted
console.warn: services.settings: main/doh-config Signature verified failed. Retry from scratch
console.log: WebExtensions: reset-default-search: starting.
console.log: WebExtensions: reset-default-search: No addons in our list are installed.
JavaScript error: , line 0: uncaught exception: null
Exiting due to channel error.
atic/chunks/main-24424d2713826627d477.js, line 1: unreachable code after return statement
console.error: services.settings: 
  main/doh-providers Signature failed  InvalidSignatureError: Invalid content signature (main/doh-providers)
console.error: services.settings: 
  main/doh-providers local data was corrupted
console.warn: services.settings: main/doh-providers Signature verified failed. Retry from scratch
console.error: services.settings: 
  main/doh-config Signature failed  InvalidSignatureError: Invalid content signature (main/doh-config)
console.error: services.settings: 
  main/doh-config local data was corrupted
console.warn: services.settings: main/doh-config Signature verified failed. Retry from scratch
console.log: WebExtensions: reset-default-search: starting.
console.log: WebExtensions: reset-default-search: No addons in our list are installed.
Exiting due to channel error.
cript warning: https://inscription.genybet.fr/_next/static/chunks/main-24424d2713826627d477.js, line 1: unreachable code after return statement
console.error: services.settings: 
  main/doh-providers Signature failed  InvalidSignatureError: Invalid content signature (main/doh-providers)
console.error: services.settings: 
  main/doh-providers local data was corrupted
console.warn: services.settings: main/doh-providers Signature verified failed. Retry from scratch
console.error: services.settings: 
  main/doh-config Signature failed  InvalidSignatureError: Invalid content signature (main/doh-config)
console.error: services.settings: 
  main/doh-config local data was corrupted
console.warn: services.settings: main/doh-config Signature verified failed. Retry from scratch
console.log: WebExtensions: reset-default-search: starting.
console.log: WebExtensions: reset-default-search: No addons in our list are installed.
JavaScript error: , line 0: uncaught exception: null
Exiting due to channel error.
Exiting due to channel error.
Exiting due to channel error.
code after return statement
console.error: services.settings: 
  main/doh-providers Signature failed  InvalidSignatureError: Invalid content signature (main/doh-providers)
console.error: services.settings: 
  main/doh-providers local data was corrupted
console.warn: services.settings: main/doh-providers Signature verified failed. Retry from scratch
console.error: services.settings: 
  main/doh-config Signature failed  InvalidSignatureError: Invalid content signature (main/doh-config)
console.error: services.settings: 
  main/doh-config local data was corrupted
console.warn: services.settings: main/doh-config Signature verified failed. Retry from scratch
console.log: WebExtensions: reset-default-search: starting.
console.log: WebExtensions: reset-default-search: No addons in our list are installed.
Exiting due to channel error.
Exiting due to channel error.
Exiting due to channel error.
nks/main-24424d2713826627d477.js, line 1: unreachable code after return statement
console.error: services.settings: 
  main/doh-providers Signature failed  InvalidSignatureError: Invalid content signature (main/doh-providers)
console.error: services.settings: 
  main/doh-providers local data was corrupted
console.warn: services.settings: main/doh-providers Signature verified failed. Retry from scratch
console.error: services.settings: 
  main/doh-config Signature failed  InvalidSignatureError: Invalid content signature (main/doh-config)
console.error: services.settings: 
  main/doh-config local data was corrupted
console.warn: services.settings: main/doh-config Signature verified failed. Retry from scratch
console.log: WebExtensions: reset-default-search: starting.
console.log: WebExtensions: reset-default-search: No addons in our list are installed.
Exiting due to channel error.
cript warning: https://inscription.genybet.fr/_next/static/chunks/main-24424d2713826627d477.js, line 1: unreachable code after return statement
console.error: services.settings: 
  main/doh-providers Signature failed  InvalidSignatureError: Invalid content signature (main/doh-providers)
console.error: services.settings: 
  main/doh-providers local data was corrupted
console.warn: services.settings: main/doh-providers Signature verified failed. Retry from scratch
console.error: services.settings: 
  main/doh-config Signature failed  InvalidSignatureError: Invalid content signature (main/doh-config)
console.error: services.settings: 
  main/doh-config local data was corrupted
console.warn: services.settings: main/doh-config Signature verified failed. Retry from scratch
console.log: WebExtensions: reset-default-search: starting.
console.log: WebExtensions: reset-default-search: No addons in our list are installed.
Exiting due to channel error.
cript warning: https://inscription.genybet.fr/_next/static/chunks/main-24424d2713826627d477.js, line 1: unreachable code after return statement
console.error: services.settings: 
  main/doh-providers Signature failed  InvalidSignatureError: Invalid content signature (main/doh-providers)
console.error: services.settings: 
  main/doh-providers local data was corrupted
console.warn: services.settings: main/doh-providers Signature verified failed. Retry from scratch
console.error: services.settings: 
  main/doh-config Signature failed  InvalidSignatureError: Invalid content signature (main/doh-config)
console.error: services.settings: 
  main/doh-config local data was corrupted
console.warn: services.settings: main/doh-config Signature verified failed. Retry from scratch
console.log: WebExtensions: reset-default-search: starting.
console.log: WebExtensions: reset-default-search: No addons in our list are installed.
Exiting due to channel error.
Exiting due to channel error.
ion.genybet.fr/_next/static/chunks/main-24424d2713826627d477.js, line 1: unreachable code after return statement
console.error: services.settings: 
  main/doh-providers Signature failed  InvalidSignatureError: Invalid content signature (main/doh-providers)
console.error: services.settings: 
  main/doh-providers local data was corrupted
console.warn: services.settings: main/doh-providers Signature verified failed. Retry from scratch
console.error: services.settings: 
  main/doh-config Signature failed  InvalidSignatureError: Invalid content signature (main/doh-config)
console.error: services.settings: 
  main/doh-config local data was corrupted
console.warn: services.settings: main/doh-config Signature verified failed. Retry from scratch
console.log: WebExtensions: reset-default-search: starting.
console.log: WebExtensions: reset-default-search: No addons in our list are installed.
JavaScript error: , line 0: uncaught exception: null
Exiting due to channel error.
Exiting due to channel error.
rc/base/process_util_win.cc:167
JavaScript warning: https://inscription.genybet.fr/_next/static/chunks/main-24424d2713826627d477.js, line 1: unreachable code after return statement
console.error: services.settings: 
  main/doh-providers Signature failed  InvalidSignatureError: Invalid content signature (main/doh-providers)
console.error: services.settings: 
  main/doh-providers local data was corrupted
console.warn: services.settings: main/doh-providers Signature verified failed. Retry from scratch
console.error: services.settings: 
  main/doh-config Signature failed  InvalidSignatureError: Invalid content signature (main/doh-config)
console.error: services.settings: 
  main/doh-config local data was corrupted
console.warn: services.settings: main/doh-config Signature verified failed. Retry from scratch
console.log: WebExtensions: reset-default-search: starting.
console.log: WebExtensions: reset-default-search: No addons in our list are installed.
Exiting due to channel error.
Exiting due to channel error.
ion.genybet.fr/_next/static/chunks/main-24424d2713826627d477.js, line 1: unreachable code after return statement
console.error: services.settings: 
  main/doh-providers Signature failed  InvalidSignatureError: Invalid content signature (main/doh-providers)
console.error: services.settings: 
  main/doh-providers local data was corrupted
console.warn: services.settings: main/doh-providers Signature verified failed. Retry from scratch
console.error: services.settings: 
  main/doh-config Signature failed  InvalidSignatureError: Invalid content signature (main/doh-config)
console.error: services.settings: 
  main/doh-config local data was corrupted
console.warn: services.settings: main/doh-config Signature verified failed. Retry from scratch
console.log: WebExtensions: reset-default-search: starting.
console.log: WebExtensions: reset-default-search: No addons in our list are installed.
JavaScript error: , line 0: uncaught exception: null
Exiting due to channel error.
atic/chunks/main-24424d2713826627d477.js, line 1: unreachable code after return statement
console.error: services.settings: 
  Message: AbortError: IndexedDB: blocklists/addons-bloomfilters getLastModified() IndexedDB:  execute() A request was aborted, for example through a call to IDBTransaction.abort.
console.error: services.settings: 
  Message: AbortError: IndexedDB: blocklists/gfx getLastModified() IndexedDB:  execute() A request was aborted, for example through a call to IDBTransaction.abort.
console.error: services.settings: 
  Message: AbortError: IndexedDB: main/normandy-recipes-capabilities getLastModified() IndexedDB:  execute() A request was aborted, for example through a call to IDBTransaction.abort.
console.error: services.settings: 
  Message: AbortError: IndexedDB: main/search-config getLastModified() IndexedDB:  execute() A request was aborted, for example through a call to IDBTransaction.abort.
1630028395742	addons.xpi	ERROR	Failed to download system add-on addons-search-detection@mozilla.com: {"operation":"write","path":"C:\\Users\\Myrani\\AppData\\Local\\Temp\\tmpaddon-4dc4db","winLastError":112}
JavaScript error: , line 0: uncaught exception: null
Exiting due to channel error.
xample through a call to IDBTransaction.abort.
console.error: services.settings: 
  Message: AbortError: IndexedDB: blocklists/gfx getLastModified() IndexedDB:  execute() A request was aborted, for example through a call to IDBTransaction.abort.
console.error: services.settings: 
  Message: AbortError: IndexedDB: main/normandy-recipes-capabilities getLastModified() IndexedDB:  execute() A request was aborted, for example through a call to IDBTransaction.abort.
console.error: services.settings: 
  Message: AbortError: IndexedDB: main/search-config getLastModified() IndexedDB:  execute() A request was aborted, for example through a call to IDBTransaction.abort.
1630028447899	addons.xpi	ERROR	Failed to download system add-on addons-search-detection@mozilla.com: {"operation":"write","path":"C:\\Users\\Myrani\\AppData\\Local\\Temp\\tmpaddon-f6ec5c","winLastError":112}
1630028447921	addons.xpi	ERROR	Failed to download system add-on reset-search-defaults@mozilla.com: {"operation":"write","path":"C:\\Users\\Myrani\\AppData\\Local\\Temp\\tmpaddon-fe721","winLastError":112}
Exiting due to channel error.
Exiting due to channel error.
Exiting due to channel error.
:  execute() A request was aborted, for example through a call to IDBTransaction.abort.
console.error: services.settings: 
  Message: AbortError: IndexedDB: main/normandy-recipes-capabilities getLastModified() IndexedDB:  execute() A request was aborted, for example through a call to IDBTransaction.abort.
console.error: services.settings: 
  Message: AbortError: IndexedDB: main/search-config getLastModified() IndexedDB:  execute() A request was aborted, for example through a call to IDBTransaction.abort.
1630028494270	addons.xpi	ERROR	Failed to download system add-on reset-search-defaults@mozilla.com: {"operation":"write","path":"C:\\Users\\Myrani\\AppData\\Local\\Temp\\tmpaddon-168a33","winLastError":112}
1630028494292	addons.xpi	ERROR	Failed to download system add-on addons-search-detection@mozilla.com: {"operation":"write","path":"C:\\Users\\Myrani\\AppData\\Local\\Temp\\tmpaddon-2f2d4e","winLastError":112}
Exiting due to channel error.
Exiting due to channel error.
1630423613973	geckodriver	INFO	Listening on 127.0.0.1:60503
1630423617057	mozrunner::runner	INFO	Running command: "C:\\Program Files\\Mozilla Firefox\\firefox.exe" "--marionette" "--headless" "-foreground" "-no-remote" "-profile" "C:\\Users\\Myrani\\AppData\\Local\\Temp\\rust_mozprofileJBd7er"
*** You are running in headless mode.
1630423617536	Marionette	INFO	Marionette enabled
[GFX1-]: RenderCompositorSWGL failed mapping default framebuffer, no dt
console.warn: SearchSettings: "get: No settings file exists, new profile?" (new NotFoundError("Could not open the file at C:\\Users\\Myrani\\AppData\\Local\\Temp\\rust_mozprofileJBd7er\\search.json.mozlz4", (void 0)))
1630423619267	Marionette	INFO	Listening on port 60512
1630423619742	RemoteAgent	WARN	TLS certificate errors will be ignored for this session
console.error: services.settings: 
  main/doh-providers Signature failed  InvalidSignatureError: Invalid content signature (main/doh-providers)
console.error: services.settings: 
  main/doh-providers local data was corrupted
console.warn: services.settings: main/doh-providers Signature verified failed. Retry from scratch
console.error: services.settings: 
  main/doh-config Signature failed  InvalidSignatureError: Invalid content signature (main/doh-config)
console.error: services.settings: 
  main/doh-config local data was corrupted
console.warn: services.settings: main/doh-config Signature verified failed. Retry from scratch
console.log: WebExtensions: reset-default-search: starting.
console.log: WebExtensions: reset-default-search: No addons in our list are installed.
ignored for this session
JavaScript warning: https://inscription.genybet.fr/_next/static/chunks/main-24424d2713826627d477.js, line 1: unreachable code after return statement
1630423727312	Marionette	INFO	Stopped listening on port 60597
JavaScript error: resource:///modules/Interactions.jsm, line 209: NS_ERROR_FAILURE: Component returned failure code: 0x80004005 (NS_ERROR_FAILURE) [nsIUserIdleService.removeIdleObserver]

###!!! [Parent][RunMessage] Error: Channel closing: too late to send/recv, messages will be lost

1630509394715	geckodriver	INFO	Listening on 127.0.0.1:49788
1630509397778	mozrunner::runner	INFO	Running command: "C:\\Program Files\\Mozilla Firefox\\firefox.exe" "--marionette" "--headless" "-foreground" "-no-remote" "-profile" "C:\\Users\\Myrani\\AppData\\Local\\Temp\\rust_mozprofileJqoFoR"
*** You are running in headless mode.
1630509398203	Marionette	INFO	Marionette enabled
[GFX1-]: RenderCompositorSWGL failed mapping default framebuffer, no dt
console.warn: SearchSettings: "get: No settings file exists, new profile?" (new NotFoundError("Could not open the file at C:\\Users\\Myrani\\AppData\\Local\\Temp\\rust_mozprofileJqoFoR\\search.json.mozlz4", (void 0)))
1630509399629	Marionette	INFO	Listening on port 49796
1630509399899	RemoteAgent	WARN	TLS certificate errors will be ignored for this session
JavaScript warning: https://inscription.genybet.fr/_next/static/chunks/main-24424d2713826627d477.js, line 1: unreachable code after return statement
1630509402157	Marionette	INFO	Stopped listening on port 49796
JavaScript error: resource:///modules/Interactions.jsm, line 209: NS_ERROR_FAILURE: Component returned failure code: 0x80004005 (NS_ERROR_FAILURE) [nsIUserIdleService.removeIdleObserver]
JavaScript error: resource://gre/modules/AsyncShutdown.jsm, line 718: Error: Phase "Sqlite.jsm: wait until all connections are closed" is finished, it is too late to register completion condition "protections.sqlite#0: waiting for shutdown"

###!!! [Parent][RunMessage] Error: Channel closing: too late to send/recv, messages will be lost

1630509458889	geckodriver	INFO	Listening on 127.0.0.1:49859
1630509461964	mozrunner::runner	INFO	Running command: "C:\\Program Files\\Mozilla Firefox\\firefox.exe" "--marionette" "--headless" "-foreground" "-no-remote" "-profile" "C:\\Users\\Myrani\\AppData\\Local\\Temp\\rust_mozprofileLSxmn5"
*** You are running in headless mode.
1630509462327	Marionette	INFO	Marionette enabled
[GFX1-]: RenderCompositorSWGL failed mapping default framebuffer, no dt
console.warn: SearchSettings: "get: No settings file exists, new profile?" (new NotFoundError("Could not open the file at C:\\Users\\Myrani\\AppData\\Local\\Temp\\rust_mozprofileLSxmn5\\search.json.mozlz4", (void 0)))
1630509463463	Marionette	INFO	Listening on port 49868
1630509463538	RemoteAgent	WARN	TLS certificate errors will be ignored for this session
JavaScript warning: https://inscription.genybet.fr/_next/static/chunks/main-24424d2713826627d477.js, line 1: unreachable code after return statement
1630509465887	Marionette	INFO	Stopped listening on port 49868
JavaScript error: resource:///modules/Interactions.jsm, line 209: NS_ERROR_FAILURE: Component returned failure code: 0x80004005 (NS_ERROR_FAILURE) [nsIUserIdleService.removeIdleObserver]

###!!! [Parent][RunMessage] Error: Channel closing: too late to send/recv, messages will be lost

1630509514412	geckodriver	INFO	Listening on 127.0.0.1:49937
1630509517459	mozrunner::runner	INFO	Running command: "C:\\Program Files\\Mozilla Firefox\\firefox.exe" "--marionette" "--headless" "-foreground" "-no-remote" "-profile" "C:\\Users\\Myrani\\AppData\\Local\\Temp\\rust_mozprofiletMnMRH"
*** You are running in headless mode.
1630509517803	Marionette	INFO	Marionette enabled
[GFX1-]: RenderCompositorSWGL failed mapping default framebuffer, no dt
console.warn: SearchSettings: "get: No settings file exists, new profile?" (new NotFoundError("Could not open the file at C:\\Users\\Myrani\\AppData\\Local\\Temp\\rust_mozprofiletMnMRH\\search.json.mozlz4", (void 0)))
1630509518900	Marionette	INFO	Listening on port 49945
1630509519056	RemoteAgent	WARN	TLS certificate errors will be ignored for this session
JavaScript warning: https://inscription.genybet.fr/_next/static/chunks/main-24424d2713826627d477.js, line 1: unreachable code after return statement
1630509521928	Marionette	INFO	Stopped listening on port 49945
JavaScript error: resource:///modules/Interactions.jsm, line 209: NS_ERROR_FAILURE: Component returned failure code: 0x80004005 (NS_ERROR_FAILURE) [nsIUserIdleService.removeIdleObserver]
